<?xml version="1.0" encoding="UTF-8"?>
<!-- Generated by org.testng.reporters.JUnitXMLReporter -->
<testsuite hostname="PF1LWM5K" ignored="0" name="Command line test" tests="4" failures="4" timestamp="07 May 2020 03:46:50 GMT" time="7.616" errors="0">
  <testcase name="bitbucketLatestVersion" time="4.669" classname="com.enquero.api.driscolls.TestVersionReleaseDate">
    <failure type="java.lang.NullPointerException">
      <![CDATA[java.lang.NullPointerException
at com.enquero.api.driscolls.TestVersionReleaseDate.bitbucketLatestVersion(TestVersionReleaseDate.java:90)
... Removed 35 stack frames]]>
    </failure>
  </testcase> <!-- bitbucketLatestVersion -->
  <testcase name="confluenceLatestVersion" time="1.638" classname="com.enquero.api.driscolls.TestVersionReleaseDate">
    <failure type="java.lang.NullPointerException">
      <![CDATA[java.lang.NullPointerException
at com.enquero.api.driscolls.TestVersionReleaseDate.confluenceLatestVersion(TestVersionReleaseDate.java:69)
... Removed 35 stack frames]]>
    </failure>
  </testcase> <!-- confluenceLatestVersion -->
  <testcase name="fecruLatestVersion" time="0.611" classname="com.enquero.api.driscolls.TestVersionReleaseDate">
    <failure type="java.lang.NullPointerException">
      <![CDATA[java.lang.NullPointerException
at com.enquero.api.driscolls.TestVersionReleaseDate.fecruLatestVersion(TestVersionReleaseDate.java:117)
... Removed 35 stack frames]]>
    </failure>
  </testcase> <!-- fecruLatestVersion -->
  <testcase name="jiraLatestVersion" time="0.627" classname="com.enquero.api.driscolls.TestVersionReleaseDate">
    <failure type="java.lang.NullPointerException">
      <![CDATA[java.lang.NullPointerException
at com.enquero.api.driscolls.TestVersionReleaseDate.jiraLatestVersion(TestVersionReleaseDate.java:51)
... Removed 35 stack frames]]>
    </failure>
  </testcase> <!-- jiraLatestVersion -->
</testsuite> <!-- Command line test -->
