<?xml version="1.0" encoding="UTF-8"?>
<testsuite xmlns:xsi="http://www.w3.org/2001/XMLSchema-instance" xsi:noNamespaceSchemaLocation="https://maven.apache.org/surefire/maven-surefire-plugin/xsd/surefire-test-report.xsd" name="TestSuite" time="11.29" tests="5" errors="0" skipped="0" failures="1">
  <properties>
[...]
</properties>
  <testcase name="getEmployeeDetails" classname="com.enquero.api.driscolls.tests.testEmployeeAPI" time="4.532"/>
  <testcase name="postEmployeeDetails" classname="com.enquero.api.driscolls.tests.testEmployeeAPI" time="1.505"/>
  <testcase name="getEmployeeIdDetails" classname="com.enquero.api.driscolls.tests.testEmployeeAPI" time="0.883">
    <failure message="1 expectation failed.&#10;Expected status code &lt;200&gt; but was &lt;400&gt;.&#10;" type="java.lang.AssertionError"><![CDATA[java.lang.AssertionError: 
1 expectation failed.
Expected status code <200> but was <400>.

	at com.enquero.api.driscolls.tests.testEmployeeAPI.getRequest(testEmployeeAPI.java:329)
	at com.enquero.api.driscolls.tests.testEmployeeAPI.getEmployeeIdDetails(testEmployeeAPI.java:124)
]]></failure>
    <system-out><![CDATA[Executed  postEmployeeDetails Succesfully .....
Running Test Method: getEmployeeIdDetails
extentTest: com.aventstack.extentreports.ExtentTest@4962a259
{14=com.aventstack.extentreports.ExtentTest@4962a259}
Path is : /api/v1/employee/1
]]></system-out>
  </testcase>
  <testcase name="updateEmployeeDetails" classname="com.enquero.api.driscolls.tests.testEmployeeAPI" time="0.982"/>
  <testcase name="deleteEmployeeRecord" classname="com.enquero.api.driscolls.tests.testEmployeeAPI" time="0.887"/>
</testsuite>