<?xml version="1.0" encoding="UTF-8"?>
<testng-results skipped="0" failed="1" ignored="0" total="2" passed="1">
  <reporter-output>
  </reporter-output>
  <suite name="Regression Test Suite" duration-ms="20330" started-at="2020-05-07T15:11:45 IST" finished-at="2020-05-07T15:12:05 IST">
    <groups>
    </groups>
    <test name="Driscolls Web App Test Cases" duration-ms="20330" started-at="2020-05-07T15:11:45 IST" finished-at="2020-05-07T15:12:05 IST">
      <class name="com.enquero.webapp.driscolls.tests.TestLoginPage">
        <test-method status="PASS" signature="setup(java.lang.String, java.lang.String)[pri:0, instance:com.enquero.webapp.driscolls.tests.TestLoginPage@4b4523f8]" name="setup" is-config="true" duration-ms="7553" started-at="2020-05-07T15:11:45 IST" finished-at="2020-05-07T15:11:52 IST">
          <params>
            <param index="0">
              <value>
                <![CDATA[chrome]]>
              </value>
            </param>
            <param index="1">
              <value>
                <![CDATA[local]]>
              </value>
            </param>
          </params>
          <reporter-output>
          </reporter-output>
        </test-method> <!-- setup -->
        <test-method status="PASS" signature="testLogin(com.enquero.datafactory.DataFactory.TestDataFactory)[pri:0, instance:com.enquero.webapp.driscolls.tests.TestLoginPage@4b4523f8]" name="testLogin" duration-ms="5293" started-at="2020-05-07T15:11:53 IST" description="Verifying login page title" data-provider="getTestData" finished-at="2020-05-07T15:11:58 IST">
          <params>
            <param index="0">
              <value>
                <![CDATA[com.enquero.datafactory.DataFactory.TestDataFactory@4fe01805]]>
              </value>
            </param>
          </params>
          <reporter-output>
          </reporter-output>
        </test-method> <!-- testLogin -->
        <test-method status="FAIL" signature="testLoginFacebook(com.enquero.datafactory.DataFactory.TestDataFactory)[pri:0, instance:com.enquero.webapp.driscolls.tests.TestLoginPage@4b4523f8]" name="testLoginFacebook" duration-ms="5250" started-at="2020-05-07T15:11:59 IST" data-provider="getTestData" finished-at="2020-05-07T15:12:04 IST">
          <params>
            <param index="0">
              <value>
                <![CDATA[com.enquero.datafactory.DataFactory.TestDataFactory@62a8fd44]]>
              </value>
            </param>
          </params>
          <exception class="java.lang.AssertionError">
            <message>
              <![CDATA[did not expect to find [true] but found [false]]]>
            </message>
            <full-stacktrace>
              <![CDATA[java.lang.AssertionError: did not expect to find [true] but found [false]
at org.testng.Assert.fail(Assert.java:97)
at org.testng.Assert.failNotEquals(Assert.java:969)
at org.testng.Assert.assertTrue(Assert.java:43)
at org.testng.Assert.assertTrue(Assert.java:53)
at com.enquero.webapp.driscolls.tests.TestLoginPage.testLoginFacebook(TestLoginPage.java:75)
at sun.reflect.NativeMethodAccessorImpl.invoke0(Native Method)
at sun.reflect.NativeMethodAccessorImpl.invoke(NativeMethodAccessorImpl.java:62)
at sun.reflect.DelegatingMethodAccessorImpl.invoke(DelegatingMethodAccessorImpl.java:43)
at java.lang.reflect.Method.invoke(Method.java:498)
at org.testng.internal.MethodInvocationHelper.invokeMethod(MethodInvocationHelper.java:133)
at org.testng.internal.TestInvoker.invokeMethod(TestInvoker.java:584)
at org.testng.internal.TestInvoker.invokeTestMethod(TestInvoker.java:172)
at org.testng.internal.MethodRunner.runInSequence(MethodRunner.java:46)
at org.testng.internal.TestInvoker$MethodInvocationAgent.invoke(TestInvoker.java:804)
at org.testng.internal.TestInvoker.invokeTestMethods(TestInvoker.java:145)
at org.testng.internal.TestMethodWorker.invokeTestMethods(TestMethodWorker.java:146)
at org.testng.internal.TestMethodWorker.run(TestMethodWorker.java:128)
at java.util.ArrayList.forEach(ArrayList.java:1257)
at org.testng.TestRunner.privateRun(TestRunner.java:770)
at org.testng.TestRunner.run(TestRunner.java:591)
at org.testng.SuiteRunner.runTest(SuiteRunner.java:402)
at org.testng.SuiteRunner.runSequentially(SuiteRunner.java:396)
at org.testng.SuiteRunner.privateRun(SuiteRunner.java:355)
at org.testng.SuiteRunner.run(SuiteRunner.java:304)
at org.testng.SuiteRunnerWorker.runSuite(SuiteRunnerWorker.java:53)
at org.testng.SuiteRunnerWorker.run(SuiteRunnerWorker.java:96)
at org.testng.TestNG.runSuitesSequentially(TestNG.java:1180)
at org.testng.TestNG.runSuitesLocally(TestNG.java:1102)
at org.testng.TestNG.runSuites(TestNG.java:1032)
at org.testng.TestNG.run(TestNG.java:1000)
at org.apache.maven.surefire.testng.TestNGExecutor.run(TestNGExecutor.java:283)
at org.apache.maven.surefire.testng.TestNGXmlTestSuite.execute(TestNGXmlTestSuite.java:75)
at org.apache.maven.surefire.testng.TestNGProvider.invoke(TestNGProvider.java:120)
at org.apache.maven.surefire.booter.ForkedBooter.invokeProviderInSameClassLoader(ForkedBooter.java:384)
at org.apache.maven.surefire.booter.ForkedBooter.runSuitesInProcess(ForkedBooter.java:345)
at org.apache.maven.surefire.booter.ForkedBooter.execute(ForkedBooter.java:126)
at org.apache.maven.surefire.booter.ForkedBooter.main(ForkedBooter.java:418)
]]>
            </full-stacktrace>
          </exception> <!-- java.lang.AssertionError -->
          <reporter-output>
          </reporter-output>
        </test-method> <!-- testLoginFacebook -->
        <test-method status="PASS" signature="tearDown()[pri:0, instance:com.enquero.webapp.driscolls.tests.TestLoginPage@4b4523f8]" name="tearDown" is-config="true" duration-ms="673" started-at="2020-05-07T15:12:04 IST" finished-at="2020-05-07T15:12:05 IST">
          <reporter-output>
          </reporter-output>
        </test-method> <!-- tearDown -->
      </class> <!-- com.enquero.webapp.driscolls.tests.TestLoginPage -->
    </test> <!-- Driscolls Web App Test Cases -->
  </suite> <!-- Regression Test Suite -->
</testng-results>
