<?xml version="1.0" encoding="UTF-8"?>
<testsuite xmlns:xsi="http://www.w3.org/2001/XMLSchema-instance" xsi:noNamespaceSchemaLocation="https://maven.apache.org/surefire/maven-surefire-plugin/xsd/surefire-test-report.xsd" name="TestSuite" time="22.524" tests="2" errors="0" skipped="0" failures="1">
  <properties>
[...]
</properties>
  <testcase name="testLogin" classname="com.enquero.webapp.driscolls.tests.TestLoginPage" time="3.426"/>
  <testcase name="testLoginFacebook" classname="com.enquero.webapp.driscolls.tests.TestLoginPage" time="2.912">
    <failure message="did not expect to find [true] but found [false]" type="java.lang.AssertionError">java.lang.AssertionError: did not expect to find [true] but found [false]
	at com.enquero.webapp.driscolls.tests.TestLoginPage.testLoginFacebook(TestLoginPage.java:76)
</failure>
    <system-out><![CDATA[Executed  testLogin Succesfully .....
Test case testLoginFacebookis not enabled for Execution
Test case testLoginFacebookis not enabled for Execution
Running Test Method: testLoginFacebook
extentTest: com.aventstack.extentreports.ExtentTest@127d7908
{1=com.aventstack.extentreports.ExtentTest@127d7908}
2020-05-09 14:45:40 INFO  TestLoginPage:68 - main facebook tc started
{"password":"123","username":"Swati"}
{"textToValidate":"Order Create Successfully"}
2020-05-09 14:45:43 INFO  TestLoginPage:72 - main Validation successfull for second tc
2020-05-09 14:45:43 ERROR TestLoginPage:75 - main validation failed
]]></system-out>
    <system-err><![CDATA[[1589015742.648][SEVERE]: Timed out receiving message from renderer: 0.100
[1589015743.163][SEVERE]: Timed out receiving message from renderer: 0.100
[1589015743.265][SEVERE]: Timed out receiving message from renderer: 0.100
[1589015743.367][SEVERE]: Timed out receiving message from renderer: 0.100
[1589015743.563][SEVERE]: Timed out receiving message from renderer: 0.100
[1589015743.665][SEVERE]: Timed out receiving message from renderer: 0.100
]]></system-err>
  </testcase>
</testsuite>